c:\users\hojooneum\documents\oop_team1\oop-proj1\iikh_src\x64\release\vc143.pdb
c:\users\hojooneum\documents\oop_team1\oop-proj1\iikh_src\x64\release\recipedatabase.obj
c:\users\hojooneum\documents\oop_team1\oop-proj1\iikh_src\x64\release\recipe.obj
c:\users\hojooneum\documents\oop_team1\oop-proj1\iikh_src\x64\release\planmanager.obj
c:\users\hojooneum\documents\oop_team1\oop-proj1\iikh_src\x64\release\plan.obj
c:\users\hojooneum\documents\oop_team1\oop-proj1\iikh_src\x64\release\parser.obj
c:\users\hojooneum\documents\oop_team1\oop-proj1\iikh_src\x64\release\meal.obj
c:\users\hojooneum\documents\oop_team1\oop-proj1\iikh_src\x64\release\main.obj
c:\users\hojooneum\documents\oop_team1\oop-proj1\iikh_src\x64\release\greeter.obj
c:\users\hojooneum\documents\oop_team1\oop-proj1\iikh_src\x64\release\filemanager.obj
c:\users\hojooneum\documents\oop_team1\oop-proj1\iikh_src\x64\release\date.obj
c:\users\hojooneum\documents\oop_team1\oop-proj1\iikh_src\x64\release\iikh.ilk
c:\users\hojooneum\documents\oop_team1\oop-proj1\iikh_src\x64\release\iikh.exe
c:\users\hojooneum\documents\oop_team1\oop-proj1\iikh_src\x64\release\iikh.pdb
c:\users\hojooneum\documents\oop_team1\oop-proj1\iikh_src\x64\release\iikh.res
c:\users\hojooneum\documents\oop_team1\oop-proj1\iikh_src\x64\release\iikh.tlog\cl.command.1.tlog
c:\users\hojooneum\documents\oop_team1\oop-proj1\iikh_src\x64\release\iikh.tlog\cl.read.1.tlog
c:\users\hojooneum\documents\oop_team1\oop-proj1\iikh_src\x64\release\iikh.tlog\cl.write.1.tlog
c:\users\hojooneum\documents\oop_team1\oop-proj1\iikh_src\x64\release\iikh.tlog\link.command.1.tlog
c:\users\hojooneum\documents\oop_team1\oop-proj1\iikh_src\x64\release\iikh.tlog\link.read.1.tlog
c:\users\hojooneum\documents\oop_team1\oop-proj1\iikh_src\x64\release\iikh.tlog\link.write.1.tlog
c:\users\hojooneum\documents\oop_team1\oop-proj1\iikh_src\x64\release\iikh.tlog\rc.command.1.tlog
c:\users\hojooneum\documents\oop_team1\oop-proj1\iikh_src\x64\release\iikh.tlog\rc.read.1.tlog
c:\users\hojooneum\documents\oop_team1\oop-proj1\iikh_src\x64\release\iikh.tlog\rc.write.1.tlog
