c:\users\hojooneum\documents\oop_team1\oop-proj1\iikh_src\x64\debug\vc143.pdb
c:\users\hojooneum\documents\oop_team1\oop-proj1\iikh_src\x64\debug\vc143.idb
c:\users\hojooneum\documents\oop_team1\oop-proj1\iikh_src\x64\debug\serializehelper.obj
c:\users\hojooneum\documents\oop_team1\oop-proj1\iikh_src\x64\debug\recipedatabase.obj
c:\users\hojooneum\documents\oop_team1\oop-proj1\iikh_src\x64\debug\recipe.obj
c:\users\hojooneum\documents\oop_team1\oop-proj1\iikh_src\x64\debug\planmanager.obj
c:\users\hojooneum\documents\oop_team1\oop-proj1\iikh_src\x64\debug\plan.obj
c:\users\hojooneum\documents\oop_team1\oop-proj1\iikh_src\x64\debug\parser.obj
c:\users\hojooneum\documents\oop_team1\oop-proj1\iikh_src\x64\debug\meal.obj
c:\users\hojooneum\documents\oop_team1\oop-proj1\iikh_src\x64\debug\main.obj
c:\users\hojooneum\documents\oop_team1\oop-proj1\iikh_src\x64\debug\inputmanager.obj
c:\users\hojooneum\documents\oop_team1\oop-proj1\iikh_src\x64\debug\ingredient.obj
c:\users\hojooneum\documents\oop_team1\oop-proj1\iikh_src\x64\debug\greeter.obj
c:\users\hojooneum\documents\oop_team1\oop-proj1\iikh_src\x64\debug\filemanager.obj
c:\users\hojooneum\documents\oop_team1\oop-proj1\iikh_src\x64\debug\date.obj
c:\users\hojooneum\documents\oop_team1\oop-proj1\iikh_src\x64\debug\concrt140d.dll
c:\users\hojooneum\documents\oop_team1\oop-proj1\iikh_src\x64\debug\msvcp140d.dll
c:\users\hojooneum\documents\oop_team1\oop-proj1\iikh_src\x64\debug\msvcp140d_atomic_wait.dll
c:\users\hojooneum\documents\oop_team1\oop-proj1\iikh_src\x64\debug\msvcp140d_codecvt_ids.dll
c:\users\hojooneum\documents\oop_team1\oop-proj1\iikh_src\x64\debug\msvcp140_1d.dll
c:\users\hojooneum\documents\oop_team1\oop-proj1\iikh_src\x64\debug\msvcp140_2d.dll
c:\users\hojooneum\documents\oop_team1\oop-proj1\iikh_src\x64\debug\vccorlib140d.dll
c:\users\hojooneum\documents\oop_team1\oop-proj1\iikh_src\x64\debug\vcruntime140d.dll
c:\users\hojooneum\documents\oop_team1\oop-proj1\iikh_src\x64\debug\vcruntime140_1d.dll
c:\users\hojooneum\documents\oop_team1\oop-proj1\iikh_src\x64\debug\vcamp140d.dll
c:\users\hojooneum\documents\oop_team1\oop-proj1\iikh_src\x64\debug\vcomp140d.dll
c:\users\hojooneum\documents\oop_team1\oop-proj1\iikh_src\x64\debug\libomp140.x86_64.dll
c:\users\hojooneum\documents\oop_team1\oop-proj1\iikh_src\x64\debug\libomp140d.x86_64.dll
c:\users\hojooneum\documents\oop_team1\oop-proj1\iikh_src\x64\debug\ucrtbased.dll
c:\users\hojooneum\documents\oop_team1\oop-proj1\iikh_src\x64\debug\iikh.exe
c:\users\hojooneum\documents\oop_team1\oop-proj1\iikh_src\x64\debug\iikh.ilk
c:\users\hojooneum\documents\oop_team1\oop-proj1\iikh_src\x64\debug\iikh.pdb
c:\users\hojooneum\documents\oop_team1\oop-proj1\iikh_src\x64\debug\iikh.tlog\cl.command.1.tlog
c:\users\hojooneum\documents\oop_team1\oop-proj1\iikh_src\x64\debug\iikh.tlog\cl.read.1.tlog
c:\users\hojooneum\documents\oop_team1\oop-proj1\iikh_src\x64\debug\iikh.tlog\cl.write.1.tlog
c:\users\hojooneum\documents\oop_team1\oop-proj1\iikh_src\x64\debug\iikh.tlog\copylocal.read.1u.tlog
c:\users\hojooneum\documents\oop_team1\oop-proj1\iikh_src\x64\debug\iikh.tlog\copylocal.write.1u.tlog
c:\users\hojooneum\documents\oop_team1\oop-proj1\iikh_src\x64\debug\iikh.tlog\link.command.1.tlog
c:\users\hojooneum\documents\oop_team1\oop-proj1\iikh_src\x64\debug\iikh.tlog\link.read.1.tlog
c:\users\hojooneum\documents\oop_team1\oop-proj1\iikh_src\x64\debug\iikh.tlog\link.write.1.tlog
